[2023-08-11 01:42:52] [1] [WARN] Reporting disabled: using no op test run registrar
[2023-08-11 01:42:52] [1] [INFO] TEST [OS_PhoneTest - testMobileWebView] STARTED at [21:42:52 2023-08-10]
[2023-08-11 01:42:52] [1] [INFO] Starting driver session...
[2023-08-11 01:42:54] [1] [ERROR] Failed to attach artifact reference 'app' to test run because it has not been started yet.
[2023-08-11 01:43:06] [1] [INFO] Driver session started.
[2023-08-11 01:43:06] [1] [INFO] INFO: opening url 'https://store.crunchyroll.com'
[2023-08-11 01:43:09] [1] [ERROR] TEST [OS_PhoneTest - testMobileWebView] FAILED at [21:43:09 2023-08-10] - Undefined error on open url detected: An unknown server-side error occurred while processing the command. Original error: Error attempting to start URI. Original error: Error: Starting: Intent { act=android.intent.action.VIEW dat=https://store.crunchyroll.com/... pkg=com.solvd.carinademoapplication }
Error: Activity not started, unable to resolve Intent { act=android.intent.action.VIEW dat=https://store.crunchyroll.com/... flg=0x10000000 pkg=com.solvd.carinademoapplication }
Build info: version: '4.7.0', revision: '0a5b49d16f'
System info: os.name: 'Windows 10', os.arch: 'amd64', os.version: '10.0', java.version: '14.0.2'
Driver info: io.appium.java_client.android.AndroidDriver
Command: [30ac0131-0a6d-44a4-95dc-ffb7d48d11dd, get {url=https://store.crunchyroll.com}]
Capabilities {appium:app: https://qaprosoft.s3-us-wes..., appium:appPackage: com.solvd.carinademoapplica..., appium:automationName: uiautomator2, appium:databaseEnabled: false, appium:desired: {app: https://qaprosoft.s3-us-wes..., automationName: uiautomator2, language: en, locale: US, platformName: android, udid: emulator-5554}, appium:deviceApiLevel: 30, appium:deviceManufacturer: Google, appium:deviceModel: sdk_gphone_x86, appium:deviceName: emulator-5554, appium:deviceScreenDensity: 440, appium:deviceScreenSize: 1080x2160, appium:deviceUDID: emulator-5554, appium:javascriptEnabled: true, appium:language: en, appium:locale: US, appium:locationContextEnabled: false, appium:networkConnectionEnabled: true, appium:pixelRatio: 2.75, appium:platformVersion: 11, appium:statBarHeight: 66, appium:takesScreenshot: true, appium:udid: emulator-5554, appium:viewportRect: {height: 1962, left: 0, top: 66, width: 1080}, appium:warnings: {}, appium:webStorageEnabled: false, platformName: ANDROID}
Session ID: 30ac0131-0a6d-44a4-95dc-ffb7d48d11dd

org.testng.Assert.fail(Assert.java:98)
com.zebrunner.carina.webdriver.DriverHelper.openURL(DriverHelper.java:166)
com.zebrunner.carina.webdriver.DriverHelper.openURL(DriverHelper.java:138)
com.zebrunner.carina.webdriver.DriverHelper.open(DriverHelper.java:129)
com.solvd.laba.qa.carina.demo.gui.pages.common.HomePageBase.open(HomePageBase.java:43)
com.solvd.laba.qa.carina.demo.NewMobileTest.testMobileWebView(NewMobileTest.java:22)
java.base/jdk.internal.reflect.NativeMethodAccessorImpl.invoke0(Native Method)
java.base/jdk.internal.reflect.NativeMethodAccessorImpl.invoke(NativeMethodAccessorImpl.java:62)
java.base/jdk.internal.reflect.DelegatingMethodAccessorImpl.invoke(DelegatingMethodAccessorImpl.java:43)
java.base/java.lang.reflect.Method.invoke(Method.java:564)
org.testng.internal.invokers.MethodInvocationHelper.invokeMethod(MethodInvocationHelper.java:139)
org.testng.internal.invokers.TestInvoker.invokeMethod(TestInvoker.java:677)
org.testng.internal.invokers.TestInvoker.invokeTestMethod(TestInvoker.java:221)
org.testng.internal.invokers.MethodRunner.runInSequence(MethodRunner.java:50)
org.testng.internal.invokers.TestInvoker$MethodInvocationAgent.invoke(TestInvoker.java:969)
org.testng.internal.invokers.TestInvoker.invokeTestMethods(TestInvoker.java:194)
org.testng.internal.invokers.TestMethodWorker.invokeTestMethods(TestMethodWorker.java:148)
org.testng.internal.invokers.TestMethodWorker.run(TestMethodWorker.java:128)
java.base/java.util.ArrayList.forEach(ArrayList.java:1511)
org.testng.TestRunner.privateRun(TestRunner.java:829)
org.testng.TestRunner.run(TestRunner.java:602)
org.testng.SuiteRunner.runTest(SuiteRunner.java:437)
org.testng.SuiteRunner.runSequentially(SuiteRunner.java:431)
org.testng.SuiteRunner.privateRun(SuiteRunner.java:391)
org.testng.SuiteRunner.run(SuiteRunner.java:330)
org.testng.SuiteRunnerWorker.runSuite(SuiteRunnerWorker.java:52)
org.testng.SuiteRunnerWorker.run(SuiteRunnerWorker.java:95)
org.testng.TestNG.runSuitesSequentially(TestNG.java:1256)
org.testng.TestNG.runSuitesLocally(TestNG.java:1176)
org.testng.TestNG.runSuites(TestNG.java:1099)
org.testng.TestNG.run(TestNG.java:1067)
com.intellij.rt.testng.IDEARemoteTestNG.run(IDEARemoteTestNG.java:66)
com.intellij.rt.testng.RemoteTestNGStarter.main(RemoteTestNGStarter.java:109)
